<?xml version="1.0" encoding="UTF-8"?>
<testsuite name="BobTest" tests="25" skipped="0" failures="0" errors="0" timestamp="2018-10-04T21:29:41" hostname="raymonds-mbp.lan" time="0.031">
  <properties/>
  <testcase name="shoutingWithSpecialCharacters" classname="BobTest" time="0.023"/>
  <testcase name="saySomething" classname="BobTest" time="0.001"/>
  <testcase name="statementContainingQuestionMark" classname="BobTest" time="0.0"/>
  <testcase name="nonLettersWithQuestion" classname="BobTest" time="0.0"/>
  <testcase name="nonQuestionEndingWithWhitespace" classname="BobTest" time="0.0"/>
  <testcase name="askingANumericQuestion" classname="BobTest" time="0.0"/>
  <testcase name="shoutingWithNoExclamationMark" classname="BobTest" time="0.0"/>
  <testcase name="endingWithWhitespace" classname="BobTest" time="0.0"/>
  <testcase name="prolongedSilence" classname="BobTest" time="0.0"/>
  <testcase name="startingWithWhitespace" classname="BobTest" time="0.001"/>
  <testcase name="alternateSilence" classname="BobTest" time="0.0"/>
  <testcase name="questionWithOnlyNumbers" classname="BobTest" time="0.0"/>
  <testcase name="talkingForcefully" classname="BobTest" time="0.0"/>
  <testcase name="multipleLineQuestion" classname="BobTest" time="0.001"/>
  <testcase name="prattlingOn" classname="BobTest" time="0.0"/>
  <testcase name="shouting" classname="BobTest" time="0.001"/>
  <testcase name="forcefulQuestion" classname="BobTest" time="0.0"/>
  <testcase name="askingAQuestion" classname="BobTest" time="0.001"/>
  <testcase name="otherWhitespace" classname="BobTest" time="0.0"/>
  <testcase name="onlyNumbers" classname="BobTest" time="0.0"/>
  <testcase name="shoutingNumbers" classname="BobTest" time="0.0"/>
  <testcase name="shoutingGibberish" classname="BobTest" time="0.0"/>
  <testcase name="askingGibberish" classname="BobTest" time="0.0"/>
  <testcase name="usingAcronymsInRegularSpeech" classname="BobTest" time="0.0"/>
  <testcase name="silence" classname="BobTest" time="0.0"/>
  <system-out><![CDATA[]]></system-out>
  <system-err><![CDATA[]]></system-err>
</testsuite>
