<?xml version="1.0" encoding="UTF-8"?>
<testsuite name="PangramTest" tests="10" skipped="0" failures="0" errors="0" timestamp="2018-09-18T22:49:35" hostname="raymonds-mbp.lan" time="0.021">
  <properties/>
  <testcase name="perfectLowercasePangram" classname="PangramTest" time="0.018"/>
  <testcase name="lowercasePangram" classname="PangramTest" time="0.0"/>
  <testcase name="anotherMissingCharacterX" classname="PangramTest" time="0.0"/>
  <testcase name="emptySentence" classname="PangramTest" time="0.001"/>
  <testcase name="missingLettersReplacedByNumbers" classname="PangramTest" time="0.0"/>
  <testcase name="withNumbers" classname="PangramTest" time="0.0"/>
  <testcase name="mixedCaseAndPunctuation" classname="PangramTest" time="0.0"/>
  <testcase name="withUnderscores" classname="PangramTest" time="0.0"/>
  <testcase name="missingCharacterX" classname="PangramTest" time="0.0"/>
  <testcase name="mixedCaseDuplicatedCharacters" classname="PangramTest" time="0.0"/>
  <system-out><![CDATA[]]></system-out>
  <system-err><![CDATA[]]></system-err>
</testsuite>
