<?xml version="1.0" encoding="UTF-8"?>
<testsuite name="RobotTest" tests="3" skipped="0" failures="0" errors="0" timestamp="2018-09-30T12:07:51" hostname="raymonds-mbp.lan" time="0.013">
  <properties/>
  <testcase name="differentRobotsHaveDifferentNames" classname="RobotTest" time="0.009"/>
  <testcase name="hasName" classname="RobotTest" time="0.003"/>
  <testcase name="resetName" classname="RobotTest" time="0.0"/>
  <system-out><![CDATA[]]></system-out>
  <system-err><![CDATA[]]></system-err>
</testsuite>
