<?xml version="1.0" encoding="UTF-8"?>
<testsuite name="BinarySearchTest" tests="10" skipped="0" failures="0" errors="0" timestamp="2018-09-23T20:19:14" hostname="raymonds-mbp.lan" time="0.033">
  <properties/>
  <testcase name="findsValueInAListOfEvenLength" classname="BinarySearchTest" time="0.03"/>
  <testcase name="findsTheItemInASingleElementList" classname="BinarySearchTest" time="0.0"/>
  <testcase name="findsTheItemAtTheEndOfAList" classname="BinarySearchTest" time="0.0"/>
  <testcase name="findsTheItemAtTheBeginningOfAList" classname="BinarySearchTest" time="0.0"/>
  <testcase name="identifiesThatNothingCanBeFoundInAnEmptyList" classname="BinarySearchTest" time="0.001"/>
  <testcase name="findsValueInAListOfOddLength" classname="BinarySearchTest" time="0.0"/>
  <testcase name="identifiesThatAValueLargerThanTheLargestListElementIsNotInTheList" classname="BinarySearchTest" time="0.0"/>
  <testcase name="identifiesThatAValueSmallerThanTheSmallestListElementIsNotInTheList" classname="BinarySearchTest" time="0.0"/>
  <testcase name="findsTheItemInTheMiddleOfAList" classname="BinarySearchTest" time="0.0"/>
  <testcase name="identifiesThatAValueIsNotInTheList" classname="BinarySearchTest" time="0.0"/>
  <system-out><![CDATA[]]></system-out>
  <system-err><![CDATA[]]></system-err>
</testsuite>
