<?xml version="1.0" encoding="UTF-8"?>
<testsuite name="SieveTest" tests="4" skipped="0" failures="0" errors="0" timestamp="2018-09-25T21:49:37" hostname="raymonds-mbp.lan" time="0.043">
  <properties/>
  <testcase name="findFirstPrime" classname="SieveTest" time="0.02"/>
  <testcase name="noPrimesUnder2" classname="SieveTest" time="0.001"/>
  <testcase name="findPrimesUpTo1000" classname="SieveTest" time="0.022"/>
  <testcase name="findPrimesUpTo10" classname="SieveTest" time="0.0"/>
  <system-out><![CDATA[]]></system-out>
  <system-err><![CDATA[]]></system-err>
</testsuite>
