<?xml version="1.0" encoding="UTF-8"?>
<testsuite name="BracketPushTest" tests="14" skipped="0" failures="0" errors="0" timestamp="2018-10-05T14:17:51" hostname="raymonds-mbp.lan" time="0.017">
  <properties/>
  <testcase name="test[0: bracket([])=true]" classname="BracketPushTest" time="0.013"/>
  <testcase name="test[1: bracket()=true]" classname="BracketPushTest" time="0.0"/>
  <testcase name="test[2: bracket([[)=false]" classname="BracketPushTest" time="0.0"/>
  <testcase name="test[3: bracket(}{)=false]" classname="BracketPushTest" time="0.0"/>
  <testcase name="test[4: bracket({])=false]" classname="BracketPushTest" time="0.0"/>
  <testcase name="test[5: bracket({ })=true]" classname="BracketPushTest" time="0.0"/>
  <testcase name="test[6: bracket({[]})=true]" classname="BracketPushTest" time="0.0"/>
  <testcase name="test[7: bracket({}[])=true]" classname="BracketPushTest" time="0.001"/>
  <testcase name="test[8: bracket(([{}({}[])]))=true]" classname="BracketPushTest" time="0.0"/>
  <testcase name="test[9: bracket({[)][]})=false]" classname="BracketPushTest" time="0.001"/>
  <testcase name="test[10: bracket(([{]))=false]" classname="BracketPushTest" time="0.0"/>
  <testcase name="test[11: bracket([({]}))=false]" classname="BracketPushTest" time="0.0"/>
  <testcase name="test[12: bracket((((185 + 223.85) * 15) - 543)/2)=true]" classname="BracketPushTest" time="0.0"/>
  <testcase name="test[13: bracket(\\left(\\begin{array}{cc} \\frac{1}{3} &amp; x\\\\ \\mathrm{e}^{x} &amp;... x^2 \\end{array}\\right))=true]" classname="BracketPushTest" time="0.0"/>
  <system-out><![CDATA[]]></system-out>
  <system-err><![CDATA[]]></system-err>
</testsuite>
