<?xml version="1.0" encoding="UTF-8"?>
<testsuite name="SublistTest" tests="17" skipped="0" failures="0" errors="0" timestamp="2018-09-22T15:51:48" hostname="raymonds-mbp.lan" time="0.041">
  <properties/>
  <testcase name="testEmptyListIsSublistOfNonEmptyList" classname="SublistTest" time="0.034"/>
  <testcase name="testThatListsWithSameDigitsButDifferentNumbersAreUnequal" classname="SublistTest" time="0.001"/>
  <testcase name="testSublistCheckDoesNotAbortAfterFalseStart" classname="SublistTest" time="0.0"/>
  <testcase name="testInMiddleOfSuperlist" classname="SublistTest" time="0.0"/>
  <testcase name="testListIsEqualToItself" classname="SublistTest" time="0.0"/>
  <testcase name="testDifferentListsOfTheSameLengthAreUnequal" classname="SublistTest" time="0.001"/>
  <testcase name="testSublistAtEnd" classname="SublistTest" time="0.0"/>
  <testcase name="testAtEndOfSuperlist" classname="SublistTest" time="0.0"/>
  <testcase name="testSublistInMiddle" classname="SublistTest" time="0.001"/>
  <testcase name="testSublistAtStart" classname="SublistTest" time="0.0"/>
  <testcase name="testFirstListMissingElementFromSecondList" classname="SublistTest" time="0.0"/>
  <testcase name="testSecondListMissingElementFromFirstList" classname="SublistTest" time="0.0"/>
  <testcase name="testThatListOrderingIsAccountedFor" classname="SublistTest" time="0.0"/>
  <testcase name="testSublistCheckHandlesExtraneousRepeatsOfFirstEntry" classname="SublistTest" time="0.0"/>
  <testcase name="testNonEmptyListIsSuperlistOfEmptyList" classname="SublistTest" time="0.0"/>
  <testcase name="testThatTwoEmptyListsAreConsideredEqual" classname="SublistTest" time="0.0"/>
  <testcase name="testAtStartOfSuperlist" classname="SublistTest" time="0.001"/>
  <system-out><![CDATA[]]></system-out>
  <system-err><![CDATA[]]></system-err>
</testsuite>
