<?xml version="1.0" encoding="UTF-8"?>
<testsuite name="SchoolTest" tests="7" skipped="0" failures="0" errors="0" timestamp="2018-09-24T13:57:02" hostname="raymonds-mbp.lan" time="0.035">
  <properties/>
  <testcase name="addsStudents" classname="SchoolTest" time="0.019"/>
  <testcase name="addsMoreStudentsInSameGrade" classname="SchoolTest" time="0.012"/>
  <testcase name="startsWithNoStudents" classname="SchoolTest" time="0.001"/>
  <testcase name="getsStudentsInAGrade" classname="SchoolTest" time="0.0"/>
  <testcase name="sortsSchool" classname="SchoolTest" time="0.0"/>
  <testcase name="addsStudentsInMultipleGrades" classname="SchoolTest" time="0.0"/>
  <testcase name="getsStudentsInEmptyGrade" classname="SchoolTest" time="0.0"/>
  <system-out><![CDATA[]]></system-out>
  <system-err><![CDATA[]]></system-err>
</testsuite>
