<?xml version="1.0" encoding="UTF-8"?>
<testsuite name="WordCountTest" tests="10" skipped="0" failures="0" errors="0" timestamp="2018-09-29T12:01:02" hostname="raymonds-mbp.lan" time="0.045">
  <properties/>
  <testcase name="countOneOfEach" classname="WordCountTest" time="0.041"/>
  <testcase name="countOneWord" classname="WordCountTest" time="0.0"/>
  <testcase name="countExpandedList" classname="WordCountTest" time="0.001"/>
  <testcase name="allowsApostrophes" classname="WordCountTest" time="0.0"/>
  <testcase name="allowsQuotations" classname="WordCountTest" time="0.001"/>
  <testcase name="countsCaseInsensitively" classname="WordCountTest" time="0.0"/>
  <testcase name="countMultipleOccurrences" classname="WordCountTest" time="0.001"/>
  <testcase name="countsNumbers" classname="WordCountTest" time="0.0"/>
  <testcase name="countCrampedList" classname="WordCountTest" time="0.0"/>
  <testcase name="ignorePunctuation" classname="WordCountTest" time="0.001"/>
  <system-out><![CDATA[]]></system-out>
  <system-err><![CDATA[]]></system-err>
</testsuite>
