<?xml version="1.0" encoding="UTF-8"?>
<testsuite name="AtbashTest$DecodeTest" tests="3" skipped="0" failures="0" errors="0" timestamp="2018-09-26T12:40:37" hostname="raymonds-mbp.lan" time="0.001">
  <properties/>
  <testcase name="test[0]" classname="AtbashTest$DecodeTest" time="0.0"/>
  <testcase name="test[1]" classname="AtbashTest$DecodeTest" time="0.001"/>
  <testcase name="test[2]" classname="AtbashTest$DecodeTest" time="0.0"/>
  <system-out><![CDATA[]]></system-out>
  <system-err><![CDATA[]]></system-err>
</testsuite>
