<?xml version="1.0" encoding="UTF-8"?>
<testsuite name="CollatzCalculatorTest" tests="6" skipped="0" failures="0" errors="0" timestamp="2018-09-24T00:04:55" hostname="raymonds-mbp.lan" time="0.024">
  <properties/>
  <testcase name="testCorrectNumberOfStepsWhenBothStepTypesAreNeeded" classname="CollatzCalculatorTest" time="0.014"/>
  <testcase name="testAVeryLargeInput" classname="CollatzCalculatorTest" time="0.0"/>
  <testcase name="testZeroIsConsideredInvalidInput" classname="CollatzCalculatorTest" time="0.008"/>
  <testcase name="testCorrectNumberOfStepsWhenAllStepsAreDivisions" classname="CollatzCalculatorTest" time="0.0"/>
  <testcase name="testZeroStepsRequiredWhenStartingFrom1" classname="CollatzCalculatorTest" time="0.0"/>
  <testcase name="testNegativeIntegerIsConsideredInvalidInput" classname="CollatzCalculatorTest" time="0.0"/>
  <system-out><![CDATA[]]></system-out>
  <system-err><![CDATA[]]></system-err>
</testsuite>
