<?xml version="1.0" encoding="UTF-8"?>
<testsuite name="MatrixTest" tests="5" skipped="0" failures="0" errors="0" timestamp="2018-09-27T19:50:07" hostname="raymonds-mbp.lan" time="0.039">
  <properties/>
  <testcase name="testCanIdentifyThatEmptyMatrixHasNoSaddlePoints" classname="MatrixTest" time="0.022"/>
  <testcase name="testCanIdentifySaddlePointInBottomRightCorner" classname="MatrixTest" time="0.014"/>
  <testcase name="testCanIdentifyMultipleSaddlePoints" classname="MatrixTest" time="0.002"/>
  <testcase name="testCanIdentifyLackOfSaddlePointsWhenThereAreNone" classname="MatrixTest" time="0.0"/>
  <testcase name="testCanIdentifySingleSaddlePoint" classname="MatrixTest" time="0.0"/>
  <system-out><![CDATA[]]></system-out>
  <system-err><![CDATA[]]></system-err>
</testsuite>
