<?xml version="1.0" encoding="UTF-8"?>
<testsuite name="LeapTest" tests="5" skipped="0" failures="0" errors="0" timestamp="2018-09-18T19:23:20" hostname="raymonds-mbp.lan" time="0.017">
  <properties/>
  <testcase name="currentYearIsLeap" classname="LeapTest" time="0.016"/>
  <testcase name="yearDivisibleBy100NotDivisibleBy400" classname="LeapTest" time="0.0"/>
  <testcase name="yearNotDivisibleBy4" classname="LeapTest" time="0.0"/>
  <testcase name="yearDivisibleBy4NotDivisibleBy100" classname="LeapTest" time="0.0"/>
  <testcase name="yearDivisibleBy400" classname="LeapTest" time="0.0"/>
  <system-out><![CDATA[]]></system-out>
  <system-err><![CDATA[]]></system-err>
</testsuite>
